2020-08-15 21:15:21,083 [INFO] Activator:178 - 


2020-08-15 21:15:21,086 [INFO] Activator:179 - !SESSION log4j initialized
2020-08-29 09:03:31,297 [INFO] Activator:178 - 


2020-08-29 09:03:31,301 [INFO] Activator:179 - !SESSION log4j initialized
2020-08-29 09:25:26,266 [INFO] ApplicationProperties:181 - Using Application install path: C:\ST\STM32CubeIDE_1.4.0\STM32CubeIDE\plugins\com.st.stm32cube.common.mx_6.0.0.202007160824
2020-08-29 09:25:26,285 [INFO] DbMcusXml:70 - Set database path to: C:\ST\STM32CubeIDE_1.4.0\STM32CubeIDE\plugins\com.st.stm32cube.common.mx_6.0.0.202007160824\\db\/mcu/
2020-08-29 09:25:26,290 [INFO] DbBoardsPdsc:56 - Set plugin database path to: C:\ST\STM32CubeIDE_1.4.0\STM32CubeIDE\plugins\com.st.stm32cube.common.mx_6.0.0.202007160824\\db\/plugins/boardmanager/
2020-08-29 09:25:26,291 [INFO] DbMcus:258 - Set plugin images path to: C:\ST\STM32CubeIDE_1.4.0\STM32CubeIDE\plugins\com.st.stm32cube.common.mx_6.0.0.202007160824\\db\/plugins/mcufinder/images/
2020-08-29 09:25:26,291 [INFO] DbBoards:264 - Set plugin images path to: C:\ST\STM32CubeIDE_1.4.0\STM32CubeIDE\plugins\com.st.stm32cube.common.mx_6.0.0.202007160824\\db\/plugins/mcufinder/images/
2020-08-29 09:25:26,294 [INFO] DbExamples:326 - Set plugin images path to: C:\ST\STM32CubeIDE_1.4.0\STM32CubeIDE\plugins\com.st.stm32cube.common.mx_6.0.0.202007160824\\db\/plugins/mcufinder/images/
2020-08-29 09:25:27,862 [WARN] ApiFinderProperties:99 - C:\Users\danie\.stmcufinder\plugins\mcufinder\mcu\mcuFinder.mfd doesn't exist
2020-08-29 09:25:27,864 [INFO] DbMcusDocs:112 - Set database path to: C:\Users\danie\.stmcufinder\plugins\mcufinder//mcu/
2020-08-29 09:25:27,867 [INFO] DbMcusJson:63 - Set database path to: C:\Users\danie\.stmcufinder\plugins\mcufinder//mcu/
2020-08-29 09:25:27,868 [INFO] DbBoardsDocs:112 - Set database path to: C:\Users\danie\.stmcufinder\plugins\mcufinder//mcu/
2020-08-29 09:25:27,870 [INFO] DbBoardsJson:56 - Set database path to: C:\Users\danie\.stmcufinder\plugins\mcufinder//mcu/
2020-08-29 09:25:31,615 [INFO] CrossReferenceDbSqlite:196 - Set database path to: C:\Users\danie\.stmcufinder\plugins\mcufinder//mcu/cs/
2020-08-29 09:25:31,620 [INFO] DbExamplesSqlite:800 - Set database path to: C:\Users\danie\.stmcufinder\plugins\mcufinder//mcu/
2020-08-29 09:25:31,756 [INFO] RulesReader:52 - Compatibility file has been processed (209 Rules)
2020-08-29 09:25:31,863 [INFO] MicroXplorer:564 - Detected Java Version = 1.8.0_252
2020-08-29 09:25:31,863 [INFO] DbMcusXml:70 - Set database path to: C:\ST\STM32CubeIDE_1.4.0\STM32CubeIDE\plugins\com.st.stm32cube.common.mx_6.0.0.202007160824\\db\/mcu/
2020-08-29 09:25:31,864 [INFO] DbBoardsPdsc:56 - Set plugin database path to: C:\ST\STM32CubeIDE_1.4.0\STM32CubeIDE\plugins\com.st.stm32cube.common.mx_6.0.0.202007160824\\db\/plugins/boardmanager/
2020-08-29 09:25:31,864 [INFO] DbMcus:258 - Set plugin images path to: C:\ST\STM32CubeIDE_1.4.0\STM32CubeIDE\plugins\com.st.stm32cube.common.mx_6.0.0.202007160824\\db\/plugins/mcufinder/images/
2020-08-29 09:25:31,865 [INFO] DbBoards:264 - Set plugin images path to: C:\ST\STM32CubeIDE_1.4.0\STM32CubeIDE\plugins\com.st.stm32cube.common.mx_6.0.0.202007160824\\db\/plugins/mcufinder/images/
2020-08-29 09:25:31,865 [INFO] DbExamples:326 - Set plugin images path to: C:\ST\STM32CubeIDE_1.4.0\STM32CubeIDE\plugins\com.st.stm32cube.common.mx_6.0.0.202007160824\\db\/plugins/mcufinder/images/
2020-08-29 09:25:31,865 [WARN] DbFile:36 - Overriding database path with different value: C:\Users\danie\.stmcufinder\plugins\mcufinder/ => C:\Users\danie\.stmcufinder\plugins\mcufinder
2020-08-29 09:25:31,865 [INFO] DbMcusDocs:112 - Set database path to: C:\Users\danie\.stmcufinder\plugins\mcufinder//mcu/
2020-08-29 09:25:31,865 [WARN] DbFile:36 - Overriding database path with different value: C:\Users\danie\.stmcufinder\plugins\mcufinder/ => C:\Users\danie\.stmcufinder\plugins\mcufinder
2020-08-29 09:25:31,866 [INFO] DbMcusJson:63 - Set database path to: C:\Users\danie\.stmcufinder\plugins\mcufinder//mcu/
2020-08-29 09:25:31,866 [WARN] DbFile:36 - Overriding database path with different value: C:\Users\danie\.stmcufinder\plugins\mcufinder/ => C:\Users\danie\.stmcufinder\plugins\mcufinder
2020-08-29 09:25:31,866 [INFO] DbBoardsDocs:112 - Set database path to: C:\Users\danie\.stmcufinder\plugins\mcufinder//mcu/
2020-08-29 09:25:31,866 [WARN] DbFile:36 - Overriding database path with different value: C:\Users\danie\.stmcufinder\plugins\mcufinder/ => C:\Users\danie\.stmcufinder\plugins\mcufinder
2020-08-29 09:25:31,866 [INFO] DbBoardsJson:56 - Set database path to: C:\Users\danie\.stmcufinder\plugins\mcufinder//mcu/
2020-08-29 09:25:31,867 [WARN] DbFile:36 - Overriding database path with different value: C:\Users\danie\.stmcufinder\plugins\mcufinder/ => C:\Users\danie\.stmcufinder\plugins\mcufinder
2020-08-29 09:25:31,867 [WARN] DbFile:36 - Overriding database path with different value: C:\Users\danie\.stmcufinder\plugins\mcufinder/ => C:\Users\danie\.stmcufinder\plugins\mcufinder
2020-08-29 09:25:31,867 [INFO] CrossReferenceDbSqlite:196 - Set database path to: C:\Users\danie\.stmcufinder\plugins\mcufinder//mcu/cs/
2020-08-29 09:25:31,867 [WARN] DbFile:36 - Overriding database path with different value: C:\Users\danie\.stmcufinder\plugins\mcufinder/ => C:\Users\danie\.stmcufinder\plugins\mcufinder
2020-08-29 09:25:31,868 [INFO] DbExamplesSqlite:800 - Set database path to: C:\Users\danie\.stmcufinder\plugins\mcufinder//mcu/
2020-08-29 09:25:31,951 [INFO] MainPanel:189 - HeapMemory: 326107136
2020-08-29 09:25:32,054 [INFO] DbMcusXml:70 - Set database path to: C:\ST\STM32CubeIDE_1.4.0\STM32CubeIDE\plugins\com.st.stm32cube.common.mx_6.0.0.202007160824\\db\/mcu/
2020-08-29 09:25:32,054 [INFO] DbBoardsPdsc:56 - Set plugin database path to: C:\ST\STM32CubeIDE_1.4.0\STM32CubeIDE\plugins\com.st.stm32cube.common.mx_6.0.0.202007160824\\db\/plugins/boardmanager/
2020-08-29 09:25:32,054 [INFO] DbMcus:258 - Set plugin images path to: C:\ST\STM32CubeIDE_1.4.0\STM32CubeIDE\plugins\com.st.stm32cube.common.mx_6.0.0.202007160824\\db\/plugins/mcufinder/images/
2020-08-29 09:25:32,055 [INFO] DbBoards:264 - Set plugin images path to: C:\ST\STM32CubeIDE_1.4.0\STM32CubeIDE\plugins\com.st.stm32cube.common.mx_6.0.0.202007160824\\db\/plugins/mcufinder/images/
2020-08-29 09:25:32,055 [INFO] DbExamples:326 - Set plugin images path to: C:\ST\STM32CubeIDE_1.4.0\STM32CubeIDE\plugins\com.st.stm32cube.common.mx_6.0.0.202007160824\\db\/plugins/mcufinder/images/
2020-08-29 09:25:32,056 [WARN] DbFile:36 - Overriding database path with different value: C:\Users\danie\.stmcufinder\plugins\mcufinder/ => C:\Users\danie\.stmcufinder\plugins\mcufinder
2020-08-29 09:25:32,056 [INFO] DbMcusDocs:112 - Set database path to: C:\Users\danie\.stmcufinder\plugins\mcufinder//mcu/
2020-08-29 09:25:32,056 [WARN] DbFile:36 - Overriding database path with different value: C:\Users\danie\.stmcufinder\plugins\mcufinder/ => C:\Users\danie\.stmcufinder\plugins\mcufinder
2020-08-29 09:25:32,056 [INFO] DbMcusJson:63 - Set database path to: C:\Users\danie\.stmcufinder\plugins\mcufinder//mcu/
2020-08-29 09:25:32,056 [WARN] DbFile:36 - Overriding database path with different value: C:\Users\danie\.stmcufinder\plugins\mcufinder/ => C:\Users\danie\.stmcufinder\plugins\mcufinder
2020-08-29 09:25:32,057 [INFO] DbBoardsDocs:112 - Set database path to: C:\Users\danie\.stmcufinder\plugins\mcufinder//mcu/
2020-08-29 09:25:32,057 [WARN] DbFile:36 - Overriding database path with different value: C:\Users\danie\.stmcufinder\plugins\mcufinder/ => C:\Users\danie\.stmcufinder\plugins\mcufinder
2020-08-29 09:25:32,057 [INFO] DbBoardsJson:56 - Set database path to: C:\Users\danie\.stmcufinder\plugins\mcufinder//mcu/
2020-08-29 09:25:32,057 [WARN] DbFile:36 - Overriding database path with different value: C:\Users\danie\.stmcufinder\plugins\mcufinder/ => C:\Users\danie\.stmcufinder\plugins\mcufinder
2020-08-29 09:25:32,057 [WARN] DbFile:36 - Overriding database path with different value: C:\Users\danie\.stmcufinder\plugins\mcufinder/ => C:\Users\danie\.stmcufinder\plugins\mcufinder
2020-08-29 09:25:32,058 [INFO] CrossReferenceDbSqlite:196 - Set database path to: C:\Users\danie\.stmcufinder\plugins\mcufinder//mcu/cs/
2020-08-29 09:25:32,058 [WARN] DbFile:36 - Overriding database path with different value: C:\Users\danie\.stmcufinder\plugins\mcufinder/ => C:\Users\danie\.stmcufinder\plugins\mcufinder
2020-08-29 09:25:32,058 [INFO] DbExamplesSqlite:800 - Set database path to: C:\Users\danie\.stmcufinder\plugins\mcufinder//mcu/
2020-08-29 09:25:32,081 [INFO] ApplicationProperties:181 - Using Application install path: C:\ST\STM32CubeIDE_1.4.0\STM32CubeIDE\plugins\com.st.stm32cube.common.mx_6.0.0.202007160824
2020-08-29 09:25:32,083 [INFO] PluginManage:178 - Search for loadable plugins [exclusion list=, ]
2020-08-29 09:25:32,085 [INFO] PluginManage:292 - Check plugin analytics
2020-08-29 09:25:32,256 [INFO] AnalyticsPlugin:203 - Accepted Software Licenses: 
2020-08-29 09:25:32,257 [INFO] AnalyticsPlugin:205 - Accepted CMSIS Pack Licenses: 
2020-08-29 09:25:32,257 [INFO] AnalyticsPlugin:207 - Accepted Firmware Licenses: 
2020-08-29 09:25:32,258 [INFO] PluginManage:342 - Loaded plugin analytics (category:tool,tabindex:-1)
2020-08-29 09:25:32,259 [INFO] PluginManage:292 - Check plugin clock
2020-08-29 09:25:32,276 [INFO] PluginManage:342 - Loaded plugin clock (category:base,tabindex:2)
2020-08-29 09:25:32,277 [INFO] PluginManage:292 - Check plugin ddr
2020-08-29 09:25:32,280 [INFO] PluginManage:342 - Loaded plugin ddr (category:tool,tabindex:6)
2020-08-29 09:25:32,280 [INFO] PluginManage:292 - Check plugin filemanager
2020-08-29 09:25:32,433 [INFO] PluginManage:342 - Loaded plugin filemanager (category:base,tabindex:10)
2020-08-29 09:25:32,434 [INFO] PluginManage:292 - Check plugin ipmanager
2020-08-29 09:25:32,444 [INFO] PluginManage:342 - Loaded plugin ipmanager (category:base,tabindex:5)
2020-08-29 09:25:32,444 [INFO] PluginManage:292 - Check plugin pinoutandconfiguration
2020-08-29 09:25:32,459 [INFO] PluginManage:342 - Loaded plugin pinoutandconfiguration (category:base,tabindex:1)
2020-08-29 09:25:32,460 [INFO] PluginManage:292 - Check plugin pinoutconfig
2020-08-29 09:25:32,493 [INFO] PluginManage:342 - Loaded plugin pinoutconfig (category:base,tabindex:0)
2020-08-29 09:25:32,494 [INFO] PluginManage:292 - Check plugin power
2020-08-29 09:25:32,541 [INFO] PluginManage:342 - Loaded plugin power (category:power,tabindex:4)
2020-08-29 09:25:32,542 [INFO] PluginManage:292 - Check plugin projectmanager
2020-08-29 09:25:32,558 [INFO] PluginManage:342 - Loaded plugin projectmanager (category:projectmanager,tabindex:3)
2020-08-29 09:25:32,558 [INFO] PluginManage:292 - Check plugin thirdparty
2020-08-29 09:25:32,591 [INFO] ThirdPartyDb:333 - Open Third Party DataBase File (C:/Users/danie/.stm32cubemx/plugins/thirdparty/db/thirdparties_db.xml) : 0 ms. number of Sw pack : 0
2020-08-29 09:25:32,596 [INFO] PluginManage:342 - Loaded plugin thirdparty (category:base,tabindex:-1)
2020-08-29 09:25:32,596 [INFO] PluginManage:292 - Check plugin tools
2020-08-29 09:25:32,599 [INFO] PluginManage:342 - Loaded plugin tools (category:base,tabindex:7)
2020-08-29 09:25:32,600 [INFO] PluginManage:292 - Check plugin tutovideos
2020-08-29 09:25:32,857 [INFO] PluginManage:342 - Loaded plugin tutovideos (category:base,tabindex:-1)
2020-08-29 09:25:32,858 [INFO] PluginManage:292 - Check plugin updater
2020-08-29 09:25:32,873 [INFO] PluginManage:342 - Loaded plugin updater (category:base,tabindex:12)
2020-08-29 09:25:32,874 [INFO] PluginManage:265 - PluginManage : Loaded plugins [13]
2020-08-29 09:25:33,101 [INFO] PinOutPanel:1418 - setPackage(No Configuration,No Configuration)
2020-08-29 09:25:33,213 [INFO] IPUIPlugin:64 - create IPUIPlugin
2020-08-29 09:25:33,214 [INFO] PluginManager:200 - loadIPPluginJar : add adc
2020-08-29 09:25:33,217 [INFO] IPUIPlugin:64 - create IPUIPlugin
2020-08-29 09:25:33,218 [INFO] PluginManager:200 - loadIPPluginJar : add aes
2020-08-29 09:25:33,222 [INFO] IPUIPlugin:64 - create IPUIPlugin
2020-08-29 09:25:33,222 [INFO] PluginManager:200 - loadIPPluginJar : add can
2020-08-29 09:25:33,225 [INFO] IPUIPlugin:64 - create IPUIPlugin
2020-08-29 09:25:33,225 [INFO] PluginManager:200 - loadIPPluginJar : add comp
2020-08-29 09:25:33,228 [INFO] IPUIPlugin:64 - create IPUIPlugin
2020-08-29 09:25:33,228 [INFO] PluginManager:200 - loadIPPluginJar : add cryp
2020-08-29 09:25:33,231 [INFO] IPUIPlugin:64 - create IPUIPlugin
2020-08-29 09:25:33,232 [INFO] PluginManager:200 - loadIPPluginJar : add dfsdm
2020-08-29 09:25:33,240 [INFO] IPUIPlugin:64 - create IPUIPlugin
2020-08-29 09:25:33,241 [INFO] PluginManager:200 - loadIPPluginJar : add dma
2020-08-29 09:25:33,244 [INFO] IPUIPlugin:64 - create IPUIPlugin
2020-08-29 09:25:33,244 [INFO] PluginManager:200 - loadIPPluginJar : add fatfs
2020-08-29 09:25:33,250 [INFO] IPUIPlugin:64 - create IPUIPlugin
2020-08-29 09:25:33,251 [INFO] PluginManager:200 - loadIPPluginJar : add fmc
2020-08-29 09:25:33,261 [INFO] IPUIPlugin:64 - create IPUIPlugin
2020-08-29 09:25:33,262 [INFO] PluginManager:200 - loadIPPluginJar : add freertos
2020-08-29 09:25:33,265 [INFO] IPUIPlugin:64 - create IPUIPlugin
2020-08-29 09:25:33,265 [INFO] PluginManager:200 - loadIPPluginJar : add genericplugin
2020-08-29 09:25:33,269 [INFO] IPUIPlugin:64 - create IPUIPlugin
2020-08-29 09:25:33,269 [INFO] PluginManager:200 - loadIPPluginJar : add gfxmmu
2020-08-29 09:25:33,276 [INFO] IPUIPlugin:64 - create IPUIPlugin
2020-08-29 09:25:33,277 [INFO] PluginManager:200 - loadIPPluginJar : add gic
2020-08-29 09:25:33,283 [INFO] IPUIPlugin:64 - create IPUIPlugin
2020-08-29 09:25:33,283 [INFO] PluginManager:200 - loadIPPluginJar : add gpio
2020-08-29 09:25:33,287 [INFO] IPUIPlugin:64 - create IPUIPlugin
2020-08-29 09:25:33,288 [INFO] PluginManager:200 - loadIPPluginJar : add gtzc
2020-08-29 09:25:33,291 [INFO] IPUIPlugin:64 - create IPUIPlugin
2020-08-29 09:25:33,292 [INFO] PluginManager:200 - loadIPPluginJar : add hash
2020-08-29 09:25:33,296 [INFO] IPUIPlugin:64 - create IPUIPlugin
2020-08-29 09:25:33,296 [INFO] PluginManager:200 - loadIPPluginJar : add i2c
2020-08-29 09:25:33,300 [INFO] IPUIPlugin:64 - create IPUIPlugin
2020-08-29 09:25:33,301 [INFO] PluginManager:200 - loadIPPluginJar : add i2s
2020-08-29 09:25:33,305 [INFO] IPUIPlugin:64 - create IPUIPlugin
2020-08-29 09:25:33,305 [INFO] PluginManager:200 - loadIPPluginJar : add ipddr
2020-08-29 09:25:33,308 [INFO] IPUIPlugin:64 - create IPUIPlugin
2020-08-29 09:25:33,308 [INFO] PluginManager:200 - loadIPPluginJar : add ltdc
2020-08-29 09:25:33,313 [INFO] IPUIPlugin:64 - create IPUIPlugin
2020-08-29 09:25:33,314 [INFO] PluginManager:200 - loadIPPluginJar : add mdma
2020-08-29 09:25:33,319 [INFO] IPUIPlugin:64 - create IPUIPlugin
2020-08-29 09:25:33,320 [INFO] PluginManager:200 - loadIPPluginJar : add nvic
2020-08-29 09:25:33,324 [INFO] IPUIPlugin:64 - create IPUIPlugin
2020-08-29 09:25:33,324 [INFO] PluginManager:200 - loadIPPluginJar : add opamp
2020-08-29 09:25:33,328 [INFO] IPUIPlugin:64 - create IPUIPlugin
2020-08-29 09:25:33,328 [INFO] PluginManager:200 - loadIPPluginJar : add openamp
2020-08-29 09:25:33,332 [INFO] IPUIPlugin:64 - create IPUIPlugin
2020-08-29 09:25:33,332 [INFO] PluginManager:200 - loadIPPluginJar : add pdm2pcm
2020-08-29 09:25:33,341 [INFO] IPUIPlugin:64 - create IPUIPlugin
2020-08-29 09:25:33,344 [INFO] PluginManager:200 - loadIPPluginJar : add plateformsettings
2020-08-29 09:25:33,347 [INFO] IPUIPlugin:64 - create IPUIPlugin
2020-08-29 09:25:33,347 [INFO] PluginManager:200 - loadIPPluginJar : add quadspi
2020-08-29 09:25:33,353 [INFO] IPUIPlugin:64 - create IPUIPlugin
2020-08-29 09:25:33,354 [INFO] PluginManager:200 - loadIPPluginJar : add resmgrutility
2020-08-29 09:25:33,358 [INFO] IPUIPlugin:64 - create IPUIPlugin
2020-08-29 09:25:33,358 [INFO] PluginManager:200 - loadIPPluginJar : add sai
2020-08-29 09:25:33,362 [INFO] IPUIPlugin:64 - create IPUIPlugin
2020-08-29 09:25:33,362 [INFO] PluginManager:200 - loadIPPluginJar : add spi
2020-08-29 09:25:33,367 [INFO] IPUIPlugin:64 - create IPUIPlugin
2020-08-29 09:25:33,367 [INFO] PluginManager:200 - loadIPPluginJar : add stm32_wpan
2020-08-29 09:25:33,371 [INFO] IPUIPlugin:64 - create IPUIPlugin
2020-08-29 09:25:33,371 [INFO] PluginManager:200 - loadIPPluginJar : add tim
2020-08-29 09:25:33,376 [INFO] IPUIPlugin:64 - create IPUIPlugin
2020-08-29 09:25:33,376 [INFO] PluginManager:200 - loadIPPluginJar : add touchsensing
2020-08-29 09:25:33,380 [INFO] IPUIPlugin:64 - create IPUIPlugin
2020-08-29 09:25:33,380 [INFO] PluginManager:200 - loadIPPluginJar : add tracer_emb
2020-08-29 09:25:33,383 [INFO] IPUIPlugin:64 - create IPUIPlugin
2020-08-29 09:25:33,383 [INFO] PluginManager:200 - loadIPPluginJar : add ts
2020-08-29 09:25:33,391 [INFO] IPUIPlugin:64 - create IPUIPlugin
2020-08-29 09:25:33,392 [INFO] PluginManager:200 - loadIPPluginJar : add tsc
2020-08-29 09:25:33,395 [INFO] IPUIPlugin:64 - create IPUIPlugin
2020-08-29 09:25:33,395 [INFO] PluginManager:200 - loadIPPluginJar : add ucpd
2020-08-29 09:25:33,398 [INFO] IPUIPlugin:64 - create IPUIPlugin
2020-08-29 09:25:33,399 [INFO] PluginManager:200 - loadIPPluginJar : add usart
2020-08-29 09:25:34,223 [INFO] CubeProgrammer:457 - [DDR PANEL] - PathOfProgrammer: null
2020-08-29 09:25:35,056 [FATAL] Updater:282 - Updater called before beeing initialized
2020-08-29 09:25:35,237 [FATAL] Updater:282 - Updater called before beeing initialized
2020-08-29 09:25:35,238 [WARN] ThirdParty:775 - waiting for thirdparty lock release [close project]
2020-08-29 09:25:35,238 [INFO] ThirdParty:777 - entering critical section [close project]
2020-08-29 09:25:35,239 [INFO] ThirdParty:790 - exiting critical section [close project]
2020-08-29 09:25:35,242 [INFO] PinOutPanel:1418 - setPackage(No Configuration,No Configuration)
2020-08-29 09:25:35,242 [FATAL] Updater:282 - Updater called before beeing initialized
2020-08-29 09:25:35,249 [ERROR] Updater:967 - MainUpdater not yet initialized. External WinMGr cannot be set.
2020-08-29 09:25:35,250 [INFO] CubeProgrammer:457 - [DDR PANEL] - PathOfProgrammer: C:\ST\STM32CubeIDE_1.4.0\STM32CubeIDE\plugins\com.st.stm32cube.ide.mcu.externaltools.cubeprogrammer.win32_1.4.0.202007081208\tools\bin
2020-08-29 09:25:35,255 [INFO] ProgrammerExecThread:148 - [ProgrammerAPI] CubeProgrammer command construction: C:\ST\STM32CubeIDE_1.4.0\STM32CubeIDE\plugins\com.st.stm32cube.ide.mcu.externaltools.cubeprogrammer.win32_1.4.0.202007081208\tools\bin\STM32_Programmer_CLI.exe -l
2020-08-29 09:25:35,454 [INFO] MainDdrPanel:49 - [DDR PANEL] SETTER - Set cubeProgrammerPath to: C:\ST\STM32CubeIDE_1.4.0\STM32CubeIDE\plugins\com.st.stm32cube.ide.mcu.externaltools.cubeprogrammer.win32_1.4.0.202007081208\tools\bin
2020-08-29 09:25:35,457 [INFO] Updater:904 - Updater Version found : 6.0.0
2020-08-29 09:25:35,481 [INFO] ApplicationProperties:181 - Using Application install path: C:\ST\STM32CubeIDE_1.4.0\STM32CubeIDE\plugins\com.st.stm32cube.common.mx_6.0.0.202007160824
2020-08-29 09:25:35,509 [INFO] MainUpdater:463 - Copy updater definitions from MX database
2020-08-29 09:25:35,539 [INFO] MainUpdater:496 - Copy flag file definitions from MX database
2020-08-29 09:25:35,541 [INFO] MainUpdater:512 - Copy thirdparty index definitions from MX database
2020-08-29 09:25:35,544 [INFO] MainUpdater:531 - Copy default thirdparty db definitions from MX database
2020-08-29 09:25:35,639 [INFO] MainUpdater:2268 - connection check result : 10
2020-08-29 09:25:35,639 [INFO] MainUpdater:2935 - Updater definition file requires update
2020-08-29 09:25:35,640 [INFO] MainUpdater:239 - Updater Check For Update Now.
2020-08-29 09:25:35,640 [INFO] MicroXplorer:414 - Change Database Version : DB.6.0.0
2020-08-29 09:25:35,688 [INFO] ServerAccessManage:348 - Download File updaters.zip
2020-08-29 09:25:36,119 [INFO] FileExtend:225 - Unzip File : updaters.zip
2020-08-29 09:25:36,119 [INFO] FileExtend:240 - Standard Zip Deflate
2020-08-29 09:25:36,425 [INFO] ServerAccessManage:348 - Download File PacksControlFlags.xml
2020-08-29 09:25:36,534 [INFO] ServerAccessManage:348 - Download File cubemx.pidx
2020-08-29 09:25:36,618 [INFO] LoadServerUpdatesThread:309 - End of LoadServerUpdate Thread
2020-08-29 09:25:36,651 [INFO] CheckServerUpdateThread:102 - End of CheckServer Thread
2020-08-29 09:25:36,653 [INFO] MainUpdater:2268 - connection check result : 10
2020-08-29 09:25:36,655 [INFO] MainUpdater:2268 - connection check result : 10
2020-08-29 09:25:36,751 [INFO] MicroXplorer:384 - Change Database Path : 
2020-08-29 09:25:36,752 [INFO] MicroXplorer:414 - Change Database Version : DB.6.0.0
2020-08-29 09:25:36,752 [WARN] ThirdParty:775 - waiting for thirdparty lock release [close project]
2020-08-29 09:25:36,752 [INFO] ThirdParty:777 - entering critical section [close project]
2020-08-29 09:25:36,752 [INFO] ThirdParty:790 - exiting critical section [close project]
2020-08-29 09:25:36,755 [INFO] PinOutPanel:1418 - setPackage(No Configuration,No Configuration)
2020-08-29 09:25:36,755 [INFO] UtilMem:74 - Begin LoadConfig() Used Memory: 407798736 Bytes (717225984)
2020-08-29 09:25:38,597 [WARN] IntegrityCheckThread:61 - waiting for thirdparty lock release [integrity check]
2020-08-29 09:25:38,597 [INFO] IntegrityCheckThread:63 - entering critical section [integrity check]
2020-08-29 09:25:38,667 [INFO] ThirdPartyDb:299 - Save Third Party DataBase File (C:/Users/danie/.stm32cubemx/plugins/thirdparty/db/thirdparties_db.xml) [forced]
2020-08-29 09:25:38,671 [ERROR] ConditionMgr:1027 - genDependencies : Invalid condition id : CMSIS Core with RTOS2 cause : null
2020-08-29 09:25:38,672 [ERROR] ConditionMgr:1027 - genDependencies : Invalid condition id : Network Driver ETH cause : null
2020-08-29 09:25:38,672 [ERROR] ConditionMgr:1027 - genDependencies : Invalid condition id : Network Driver PPP cause : null
2020-08-29 09:25:38,672 [ERROR] ConditionMgr:1027 - genDependencies : Invalid condition id : Network Driver SLIP cause : null
2020-08-29 09:25:38,672 [ERROR] ConditionMgr:1027 - genDependencies : Invalid condition id : Network Core cause : null
2020-08-29 09:25:38,672 [ERROR] ConditionMgr:1027 - genDependencies : Invalid condition id : Network Driver SLIP cause : null
2020-08-29 09:25:38,672 [ERROR] ConditionMgr:1027 - genDependencies : Invalid condition id : Network Driver PPP cause : null
2020-08-29 09:25:38,672 [ERROR] ConditionMgr:1027 - genDependencies : Invalid condition id : CMSIS Core with RTOS2 cause : null
2020-08-29 09:25:38,672 [ERROR] ConditionMgr:1027 - genDependencies : Invalid condition id : Network Core cause : null
2020-08-29 09:25:38,672 [ERROR] ConditionMgr:1027 - genDependencies : Invalid condition id : Network Driver ETH cause : null
2020-08-29 09:25:38,673 [ERROR] ConditionMgr:1027 - genDependencies : Invalid condition id : CMSIS Core with RTOS2 cause : null
2020-08-29 09:25:38,673 [ERROR] ConditionMgr:1027 - genDependencies : Invalid condition id : Network Driver ETH cause : null
2020-08-29 09:25:38,673 [ERROR] ConditionMgr:1027 - genDependencies : Invalid condition id : Network Driver PPP cause : null
2020-08-29 09:25:38,673 [ERROR] ConditionMgr:1027 - genDependencies : Invalid condition id : Network Driver SLIP cause : null
2020-08-29 09:25:38,673 [ERROR] ConditionMgr:1027 - genDependencies : Invalid condition id : Network Core cause : null
2020-08-29 09:25:38,673 [INFO] ThirdPartyDb:299 - Save Third Party DataBase File (C:/Users/danie/.stm32cubemx/plugins/thirdparty/db/thirdparties_db.xml) [forced]
2020-08-29 09:25:38,676 [ERROR] ConditionMgr:1027 - genDependencies : Invalid condition id : CMSIS Core with RTOS2 cause : null
2020-08-29 09:25:38,676 [ERROR] ConditionMgr:1027 - genDependencies : Invalid condition id : Network Driver ETH cause : null
2020-08-29 09:25:38,677 [ERROR] ConditionMgr:1027 - genDependencies : Invalid condition id : Network Driver PPP cause : null
2020-08-29 09:25:38,677 [ERROR] ConditionMgr:1027 - genDependencies : Invalid condition id : Network Driver SLIP cause : null
2020-08-29 09:25:38,677 [ERROR] ConditionMgr:1027 - genDependencies : Invalid condition id : Network Core cause : null
2020-08-29 09:25:38,677 [ERROR] ConditionMgr:1027 - genDependencies : Invalid condition id : Network Driver SLIP cause : null
2020-08-29 09:25:38,677 [ERROR] ConditionMgr:1027 - genDependencies : Invalid condition id : Network Driver PPP cause : null
2020-08-29 09:25:38,677 [ERROR] ConditionMgr:1027 - genDependencies : Invalid condition id : CMSIS Core with RTOS2 cause : null
2020-08-29 09:25:38,677 [ERROR] ConditionMgr:1027 - genDependencies : Invalid condition id : Network Core cause : null
2020-08-29 09:25:38,677 [ERROR] ConditionMgr:1027 - genDependencies : Invalid condition id : Network Driver ETH cause : null
2020-08-29 09:25:38,677 [ERROR] ConditionMgr:1027 - genDependencies : Invalid condition id : CMSIS Core with RTOS2 cause : null
2020-08-29 09:25:38,677 [ERROR] ConditionMgr:1027 - genDependencies : Invalid condition id : Network Driver ETH cause : null
2020-08-29 09:25:38,677 [ERROR] ConditionMgr:1027 - genDependencies : Invalid condition id : Network Driver PPP cause : null
2020-08-29 09:25:38,677 [ERROR] ConditionMgr:1027 - genDependencies : Invalid condition id : Network Driver SLIP cause : null
2020-08-29 09:25:38,678 [ERROR] ConditionMgr:1027 - genDependencies : Invalid condition id : Network Core cause : null
2020-08-29 09:25:38,678 [INFO] ThirdPartyDb:299 - Save Third Party DataBase File (C:/Users/danie/.stm32cubemx/plugins/thirdparty/db/thirdparties_db.xml) [forced]
2020-08-29 09:25:38,681 [INFO] ThirdPartyDb:299 - Save Third Party DataBase File (C:/Users/danie/.stm32cubemx/plugins/thirdparty/db/thirdparties_db.xml) [forced]
2020-08-29 09:25:38,684 [INFO] ThirdPartyDb:299 - Save Third Party DataBase File (C:/Users/danie/.stm32cubemx/plugins/thirdparty/db/thirdparties_db.xml) [forced]
2020-08-29 09:25:38,687 [INFO] ThirdPartyDb:299 - Save Third Party DataBase File (C:/Users/danie/.stm32cubemx/plugins/thirdparty/db/thirdparties_db.xml) [forced]
2020-08-29 09:25:38,690 [INFO] ThirdPartyDb:299 - Save Third Party DataBase File (C:/Users/danie/.stm32cubemx/plugins/thirdparty/db/thirdparties_db.xml) [forced]
2020-08-29 09:25:38,694 [INFO] ThirdPartyDb:299 - Save Third Party DataBase File (C:/Users/danie/.stm32cubemx/plugins/thirdparty/db/thirdparties_db.xml) [forced]
2020-08-29 09:25:38,699 [INFO] ThirdPartyDb:299 - Save Third Party DataBase File (C:/Users/danie/.stm32cubemx/plugins/thirdparty/db/thirdparties_db.xml) [forced]
2020-08-29 09:25:38,704 [INFO] ThirdPartyDb:299 - Save Third Party DataBase File (C:/Users/danie/.stm32cubemx/plugins/thirdparty/db/thirdparties_db.xml) [forced]
2020-08-29 09:25:38,708 [INFO] ThirdPartyDb:299 - Save Third Party DataBase File (C:/Users/danie/.stm32cubemx/plugins/thirdparty/db/thirdparties_db.xml) [forced]
2020-08-29 09:25:38,713 [INFO] ThirdPartyDb:299 - Save Third Party DataBase File (C:/Users/danie/.stm32cubemx/plugins/thirdparty/db/thirdparties_db.xml) [forced]
2020-08-29 09:25:38,717 [INFO] ThirdPartyDb:299 - Save Third Party DataBase File (C:/Users/danie/.stm32cubemx/plugins/thirdparty/db/thirdparties_db.xml) [forced]
2020-08-29 09:25:38,720 [INFO] Engine:289 - softwarePackList size : 13
2020-08-29 09:25:38,725 [INFO] Engine:305 - compute dependency for SwPack FreeRTOS have been done, no update is requested
2020-08-29 09:25:38,725 [INFO] Engine:305 - compute dependency for SwPack lwIP have been done, no update is requested
2020-08-29 09:25:38,725 [INFO] Engine:305 - compute dependency for SwPack lwIP have been done, no update is requested
2020-08-29 09:25:38,725 [INFO] Engine:305 - compute dependency for SwPack MBEDTLS have been done, no update is requested
2020-08-29 09:25:38,725 [INFO] Engine:305 - compute dependency for SwPack MBEDTLS have been done, no update is requested
2020-08-29 09:25:38,725 [INFO] Engine:305 - compute dependency for SwPack PDM2PCM have been done, no update is requested
2020-08-29 09:25:38,726 [INFO] Engine:305 - compute dependency for SwPack PDM2PCM have been done, no update is requested
2020-08-29 09:25:38,726 [INFO] Engine:305 - compute dependency for SwPack PDM2PCM have been done, no update is requested
2020-08-29 09:25:38,728 [INFO] Engine:305 - compute dependency for SwPack USB_DEVICE have been done, no update is requested
2020-08-29 09:25:38,728 [INFO] Engine:305 - compute dependency for SwPack USB_DEVICE have been done, no update is requested
2020-08-29 09:25:38,728 [INFO] Engine:305 - compute dependency for SwPack USB_DEVICE have been done, no update is requested
2020-08-29 09:25:38,730 [INFO] Engine:305 - compute dependency for SwPack USB_HOST have been done, no update is requested
2020-08-29 09:25:38,730 [INFO] Engine:305 - compute dependency for SwPack USB_HOST have been done, no update is requested
2020-08-29 09:25:38,730 [WARN] XmlIntegratedPack:130 - No IP in current MCU
2020-08-29 09:25:38,730 [WARN] XmlIntegratedPack:130 - No IP in current MCU
2020-08-29 09:25:38,730 [WARN] XmlIntegratedPack:130 - No IP in current MCU
2020-08-29 09:25:38,730 [WARN] XmlIntegratedPack:130 - No IP in current MCU
2020-08-29 09:25:38,731 [WARN] XmlIntegratedPack:130 - No IP in current MCU
2020-08-29 09:25:38,731 [WARN] XmlIntegratedPack:130 - No IP in current MCU
2020-08-29 09:25:38,731 [WARN] XmlIntegratedPack:130 - No IP in current MCU
2020-08-29 09:25:38,731 [WARN] XmlIntegratedPack:130 - No IP in current MCU
2020-08-29 09:25:38,731 [WARN] XmlIntegratedPack:130 - No IP in current MCU
2020-08-29 09:25:38,731 [WARN] XmlIntegratedPack:130 - No IP in current MCU
2020-08-29 09:25:38,731 [WARN] XmlIntegratedPack:130 - No IP in current MCU
2020-08-29 09:25:38,731 [WARN] XmlIntegratedPack:130 - No IP in current MCU
2020-08-29 09:25:38,731 [WARN] XmlIntegratedPack:130 - No IP in current MCU
2020-08-29 09:25:38,731 [INFO] ThirdPartyDb:299 - Save Third Party DataBase File (C:/Users/danie/.stm32cubemx/plugins/thirdparty/db/thirdparties_db.xml) [forced]
2020-08-29 09:25:38,733 [INFO] ThirdPartyDb:299 - Save Third Party DataBase File (C:/Users/danie/.stm32cubemx/plugins/thirdparty/db/thirdparties_db.xml) [forced]
2020-08-29 09:25:38,738 [INFO] ThirdPartyDb:299 - Save Third Party DataBase File (C:/Users/danie/.stm32cubemx/plugins/thirdparty/db/thirdparties_db.xml) [forced]
2020-08-29 09:25:38,740 [INFO] ThirdPartyDb:299 - Save Third Party DataBase File (C:/Users/danie/.stm32cubemx/plugins/thirdparty/db/thirdparties_db.xml) [forced]
2020-08-29 09:25:38,743 [INFO] ThirdPartyDb:299 - Save Third Party DataBase File (C:/Users/danie/.stm32cubemx/plugins/thirdparty/db/thirdparties_db.xml) [forced]
2020-08-29 09:25:38,745 [INFO] IntegrityCheckThread:76 - exiting critical section [integrity check]
2020-08-29 09:25:38,745 [INFO] IntegrityCheckThread:79 - End integrity checks thread
2020-08-29 09:25:44,673 [INFO] ServerAccessManage:348 - Download File stm32cube_db_v5060.zip
2020-08-29 09:26:27,879 [INFO] FileExtend:225 - Unzip File : stm32cube_db_v5060.zip
2020-08-29 09:26:27,881 [INFO] FileExtend:240 - Standard Zip Deflate
2020-08-29 09:26:36,902 [INFO] LoadServerPackagesThread:160 - End of LoadServerPackages Thread
2020-08-29 09:26:36,941 [INFO] CheckServerUpdateThread:102 - End of CheckServer Thread
2020-08-29 09:26:37,419 [INFO] ServerAccessManage:348 - Download File stm32cube_fw_l4_v1150.zip
2020-08-29 09:28:05,913 [ERROR] ServerAccessManage:517 - User Cancel Download : stm32cube_fw_l4_v1150.zip.
2020-08-29 09:28:05,917 [INFO] LoadServerPackagesThread:160 - End of LoadServerPackages Thread
2020-08-29 09:28:05,931 [ERROR] LogOutputStream:74 - [STDERR_REDIRECT] java.lang.NullPointerException
2020-08-29 09:28:05,933 [ERROR] LogOutputStream:74 - [STDERR_REDIRECT] 	at com.st.microxplorer.plugins.projectmanager.engine.MainProjectManager.loadConfig(MainProjectManager.java:723)
2020-08-29 09:28:05,935 [ERROR] LogOutputStream:74 - [STDERR_REDIRECT] 	at com.st.stm32cube.common.mx.editor.CubeMxEditor.setProjectSettings(CubeMxEditor.java:1250)
2020-08-29 09:28:05,937 [ERROR] LogOutputStream:74 - [STDERR_REDIRECT] 	at com.st.stm32cube.common.mx.editor.CubeMxEditor.getMxTabbedPaneInstance(CubeMxEditor.java:1114)
2020-08-29 09:28:05,939 [INFO] CheckServerUpdateThread:102 - End of CheckServer Thread
2020-08-29 09:28:05,939 [ERROR] LogOutputStream:74 - [STDERR_REDIRECT] 	at com.st.stm32cube.common.mx.editor.CubeMxEditor.access$22(CubeMxEditor.java:1085)
2020-08-29 09:28:05,941 [ERROR] LogOutputStream:74 - [STDERR_REDIRECT] 	at com.st.stm32cube.common.mx.editor.CubeMxEditor$11$1.createSwingComponent(CubeMxEditor.java:994)
2020-08-29 09:28:05,944 [ERROR] LogOutputStream:74 - [STDERR_REDIRECT] 	at com.st.stm32cube.common.mx.oss.core.awtswtbridge.EmbeddedSwingComposite.doComponentCreation(EmbeddedSwingComposite.java:487)
2020-08-29 09:28:05,947 [ERROR] LogOutputStream:74 - [STDERR_REDIRECT] 	at com.st.stm32cube.common.mx.oss.core.awtswtbridge.EmbeddedSwingComposite.access$6(EmbeddedSwingComposite.java:471)
2020-08-29 09:28:05,949 [ERROR] LogOutputStream:74 - [STDERR_REDIRECT] 	at com.st.stm32cube.common.mx.oss.core.awtswtbridge.EmbeddedSwingComposite$4.run(EmbeddedSwingComposite.java:286)
2020-08-29 09:28:05,950 [ERROR] LogOutputStream:74 - [STDERR_REDIRECT] 	at com.st.stm32cube.common.mx.oss.core.awtswtbridge.AwtEnvironment$2.run(AwtEnvironment.java:166)
2020-08-29 09:28:05,952 [ERROR] LogOutputStream:74 - [STDERR_REDIRECT] 	at java.awt.event.InvocationEvent.dispatch(InvocationEvent.java:311)
2020-08-29 09:28:05,953 [ERROR] LogOutputStream:74 - [STDERR_REDIRECT] 	at java.awt.EventQueue.dispatchEventImpl(EventQueue.java:758)
2020-08-29 09:28:05,954 [ERROR] LogOutputStream:74 - [STDERR_REDIRECT] 	at java.awt.EventQueue.access$500(EventQueue.java:97)
2020-08-29 09:28:05,955 [ERROR] LogOutputStream:74 - [STDERR_REDIRECT] 	at java.awt.EventQueue$3.run(EventQueue.java:709)
2020-08-29 09:28:05,956 [ERROR] LogOutputStream:74 - [STDERR_REDIRECT] 	at java.awt.EventQueue$3.run(EventQueue.java:703)
2020-08-29 09:28:05,957 [ERROR] LogOutputStream:74 - [STDERR_REDIRECT] 	at java.security.AccessController.doPrivileged(Native Method)
2020-08-29 09:28:05,959 [ERROR] LogOutputStream:74 - [STDERR_REDIRECT] 	at java.security.ProtectionDomain$JavaSecurityAccessImpl.doIntersectionPrivilege(ProtectionDomain.java:74)
2020-08-29 09:28:05,960 [ERROR] LogOutputStream:74 - [STDERR_REDIRECT] 	at java.awt.EventQueue.dispatchEvent(EventQueue.java:728)
2020-08-29 09:28:05,961 [ERROR] LogOutputStream:74 - [STDERR_REDIRECT] 	at java.awt.EventDispatchThread.pumpOneEventForFilters(EventDispatchThread.java:205)
2020-08-29 09:28:05,963 [ERROR] LogOutputStream:74 - [STDERR_REDIRECT] 	at java.awt.EventDispatchThread.pumpEventsForFilter(EventDispatchThread.java:116)
2020-08-29 09:28:05,965 [ERROR] LogOutputStream:74 - [STDERR_REDIRECT] 	at java.awt.EventDispatchThread.pumpEventsForHierarchy(EventDispatchThread.java:105)
2020-08-29 09:28:05,966 [ERROR] LogOutputStream:74 - [STDERR_REDIRECT] 	at java.awt.EventDispatchThread.pumpEvents(EventDispatchThread.java:101)
2020-08-29 09:28:05,967 [ERROR] LogOutputStream:74 - [STDERR_REDIRECT] 	at java.awt.EventDispatchThread.pumpEvents(EventDispatchThread.java:93)
2020-08-29 09:28:05,968 [ERROR] LogOutputStream:74 - [STDERR_REDIRECT] 	at java.awt.EventDispatchThread.run(EventDispatchThread.java:82)
2020-08-29 16:19:15,695 [INFO] Activator:178 - 


2020-08-29 16:19:15,698 [INFO] Activator:179 - !SESSION log4j initialized
2020-08-29 17:13:08,217 [INFO] Activator:178 - 


2020-08-29 17:13:08,220 [INFO] Activator:179 - !SESSION log4j initialized
2020-10-03 17:21:01,533 [INFO] Activator:178 - 


2020-10-03 17:21:01,538 [INFO] Activator:179 - !SESSION log4j initialized
2020-10-10 15:42:14,334 [INFO] Activator:178 - 


2020-10-10 15:42:14,338 [INFO] Activator:179 - !SESSION log4j initialized
2020-11-15 16:03:08,067 [INFO] Activator:178 - 


2020-11-15 16:03:08,072 [INFO] Activator:179 - !SESSION log4j initialized
2020-11-21 14:50:37,476 [INFO] Activator:178 - 


2020-11-21 14:50:37,481 [INFO] Activator:179 - !SESSION log4j initialized
2020-12-06 02:22:01,165 [INFO] Activator:178 - 


2020-12-06 02:22:01,169 [INFO] Activator:179 - !SESSION log4j initialized
2020-12-12 19:13:46,481 [INFO] Activator:178 - 


2020-12-12 19:13:46,486 [INFO] Activator:179 - !SESSION log4j initialized
2020-12-12 21:50:43,208 [INFO] Activator:178 - 


2020-12-12 21:50:43,213 [INFO] Activator:179 - !SESSION log4j initialized
